<?xml version="1.0" encoding="UTF-8"?>
<testsuite xmlns:xsi="http://www.w3.org/2001/XMLSchema-instance" xsi:noNamespaceSchemaLocation="https://maven.apache.org/surefire/maven-surefire-plugin/xsd/surefire-test-report.xsd" name="com.acoes.solinfbreaker.SolinfbreakerApplicationTests" time="4.823" tests="1" errors="0" skipped="0" failures="0">
  <properties>
    <property name="java.specification.version" value="17"/>
    <property name="sun.jnu.encoding" value="UTF-8"/>
    <property name="java.class.path" value="/home/guilherme-carlos/Documents/projetojava/solinfbreaker/target/test-classes:/home/guilherme-carlos/Documents/projetojava/solinfbreaker/target/classes:/home/guilherme-carlos/.m2/repository/org/flywaydb/flyway-core/7.7.3/flyway-core-7.7.3.jar:/home/guilherme-carlos/.m2/repository/org/springframework/boot/spring-boot-starter-webflux/2.5.9-SNAPSHOT/spring-boot-starter-webflux-2.5.9-SNAPSHOT.jar:/home/guilherme-carlos/.m2/repository/org/springframework/boot/spring-boot-starter/2.5.9-SNAPSHOT/spring-boot-starter-2.5.9-SNAPSHOT.jar:/home/guilherme-carlos/.m2/repository/org/springframework/boot/spring-boot/2.5.9-SNAPSHOT/spring-boot-2.5.9-SNAPSHOT.jar:/home/guilherme-carlos/.m2/repository/org/springframework/boot/spring-boot-autoconfigure/2.5.9-SNAPSHOT/spring-boot-autoconfigure-2.5.9-SNAPSHOT.jar:/home/guilherme-carlos/.m2/repository/org/springframework/boot/spring-boot-starter-logging/2.5.9-SNAPSHOT/spring-boot-starter-logging-2.5.9-SNAPSHOT.jar:/home/guilherme-carlos/.m2/repository/ch/qos/logback/logback-classic/1.2.10/logback-classic-1.2.10.jar:/home/guilherme-carlos/.m2/repository/ch/qos/logback/logback-core/1.2.10/logback-core-1.2.10.jar:/home/guilherme-carlos/.m2/repository/org/apache/logging/log4j/log4j-to-slf4j/2.17.1/log4j-to-slf4j-2.17.1.jar:/home/guilherme-carlos/.m2/repository/org/apache/logging/log4j/log4j-api/2.17.1/log4j-api-2.17.1.jar:/home/guilherme-carlos/.m2/repository/org/slf4j/jul-to-slf4j/1.7.33/jul-to-slf4j-1.7.33.jar:/home/guilherme-carlos/.m2/repository/jakarta/annotation/jakarta.annotation-api/1.3.5/jakarta.annotation-api-1.3.5.jar:/home/guilherme-carlos/.m2/repository/org/yaml/snakeyaml/1.28/snakeyaml-1.28.jar:/home/guilherme-carlos/.m2/repository/org/springframework/boot/spring-boot-starter-json/2.5.9-SNAPSHOT/spring-boot-starter-json-2.5.9-SNAPSHOT.jar:/home/guilherme-carlos/.m2/repository/com/fasterxml/jackson/core/jackson-databind/2.12.6/jackson-databind-2.12.6.jar:/home/guilherme-carlos/.m2/repository/com/fasterxml/jackson/core/jackson-annotations/2.12.6/jackson-annotations-2.12.6.jar:/home/guilherme-carlos/.m2/repository/com/fasterxml/jackson/core/jackson-core/2.12.6/jackson-core-2.12.6.jar:/home/guilherme-carlos/.m2/repository/com/fasterxml/jackson/datatype/jackson-datatype-jdk8/2.12.6/jackson-datatype-jdk8-2.12.6.jar:/home/guilherme-carlos/.m2/repository/com/fasterxml/jackson/datatype/jackson-datatype-jsr310/2.12.6/jackson-datatype-jsr310-2.12.6.jar:/home/guilherme-carlos/.m2/repository/com/fasterxml/jackson/module/jackson-module-parameter-names/2.12.6/jackson-module-parameter-names-2.12.6.jar:/home/guilherme-carlos/.m2/repository/org/springframework/boot/spring-boot-starter-reactor-netty/2.5.9-SNAPSHOT/spring-boot-starter-reactor-netty-2.5.9-SNAPSHOT.jar:/home/guilherme-carlos/.m2/repository/io/projectreactor/netty/reactor-netty-http/1.0.15/reactor-netty-http-1.0.15.jar:/home/guilherme-carlos/.m2/repository/io/netty/netty-codec-http/4.1.73.Final/netty-codec-http-4.1.73.Final.jar:/home/guilherme-carlos/.m2/repository/io/netty/netty-common/4.1.73.Final/netty-common-4.1.73.Final.jar:/home/guilherme-carlos/.m2/repository/io/netty/netty-buffer/4.1.73.Final/netty-buffer-4.1.73.Final.jar:/home/guilherme-carlos/.m2/repository/io/netty/netty-transport/4.1.73.Final/netty-transport-4.1.73.Final.jar:/home/guilherme-carlos/.m2/repository/io/netty/netty-codec/4.1.73.Final/netty-codec-4.1.73.Final.jar:/home/guilherme-carlos/.m2/repository/io/netty/netty-handler/4.1.73.Final/netty-handler-4.1.73.Final.jar:/home/guilherme-carlos/.m2/repository/io/netty/netty-tcnative-classes/2.0.46.Final/netty-tcnative-classes-2.0.46.Final.jar:/home/guilherme-carlos/.m2/repository/io/netty/netty-codec-http2/4.1.73.Final/netty-codec-http2-4.1.73.Final.jar:/home/guilherme-carlos/.m2/repository/io/netty/netty-resolver-dns/4.1.73.Final/netty-resolver-dns-4.1.73.Final.jar:/home/guilherme-carlos/.m2/repository/io/netty/netty-resolver/4.1.73.Final/netty-resolver-4.1.73.Final.jar:/home/guilherme-carlos/.m2/repository/io/netty/netty-codec-dns/4.1.73.Final/netty-codec-dns-4.1.73.Final.jar:/home/guilherme-carlos/.m2/repository/io/netty/netty-resolver-dns-native-macos/4.1.73.Final/netty-resolver-dns-native-macos-4.1.73.Final-osx-x86_64.jar:/home/guilherme-carlos/.m2/repository/io/netty/netty-resolver-dns-classes-macos/4.1.73.Final/netty-resolver-dns-classes-macos-4.1.73.Final.jar:/home/guilherme-carlos/.m2/repository/io/netty/netty-transport-native-epoll/4.1.73.Final/netty-transport-native-epoll-4.1.73.Final-linux-x86_64.jar:/home/guilherme-carlos/.m2/repository/io/netty/netty-transport-native-unix-common/4.1.73.Final/netty-transport-native-unix-common-4.1.73.Final.jar:/home/guilherme-carlos/.m2/repository/io/netty/netty-transport-classes-epoll/4.1.73.Final/netty-transport-classes-epoll-4.1.73.Final.jar:/home/guilherme-carlos/.m2/repository/io/projectreactor/netty/reactor-netty-core/1.0.15/reactor-netty-core-1.0.15.jar:/home/guilherme-carlos/.m2/repository/io/netty/netty-handler-proxy/4.1.73.Final/netty-handler-proxy-4.1.73.Final.jar:/home/guilherme-carlos/.m2/repository/io/netty/netty-codec-socks/4.1.73.Final/netty-codec-socks-4.1.73.Final.jar:/home/guilherme-carlos/.m2/repository/org/springframework/spring-web/5.3.15/spring-web-5.3.15.jar:/home/guilherme-carlos/.m2/repository/org/springframework/spring-beans/5.3.15/spring-beans-5.3.15.jar:/home/guilherme-carlos/.m2/repository/org/springframework/spring-webflux/5.3.15/spring-webflux-5.3.15.jar:/home/guilherme-carlos/.m2/repository/io/projectreactor/reactor-core/3.4.14/reactor-core-3.4.14.jar:/home/guilherme-carlos/.m2/repository/org/reactivestreams/reactive-streams/1.0.3/reactive-streams-1.0.3.jar:/home/guilherme-carlos/.m2/repository/org/projectlombok/lombok/1.18.22/lombok-1.18.22.jar:/home/guilherme-carlos/.m2/repository/org/postgresql/postgresql/42.2.24/postgresql-42.2.24.jar:/home/guilherme-carlos/.m2/repository/org/checkerframework/checker-qual/3.5.0/checker-qual-3.5.0.jar:/home/guilherme-carlos/.m2/repository/org/springframework/boot/spring-boot-starter-data-jpa/2.5.9-SNAPSHOT/spring-boot-starter-data-jpa-2.5.9-SNAPSHOT.jar:/home/guilherme-carlos/.m2/repository/org/springframework/boot/spring-boot-starter-aop/2.5.9-SNAPSHOT/spring-boot-starter-aop-2.5.9-SNAPSHOT.jar:/home/guilherme-carlos/.m2/repository/org/springframework/spring-aop/5.3.15/spring-aop-5.3.15.jar:/home/guilherme-carlos/.m2/repository/org/aspectj/aspectjweaver/1.9.7/aspectjweaver-1.9.7.jar:/home/guilherme-carlos/.m2/repository/org/springframework/boot/spring-boot-starter-jdbc/2.5.9-SNAPSHOT/spring-boot-starter-jdbc-2.5.9-SNAPSHOT.jar:/home/guilherme-carlos/.m2/repository/com/zaxxer/HikariCP/4.0.3/HikariCP-4.0.3.jar:/home/guilherme-carlos/.m2/repository/org/springframework/spring-jdbc/5.3.15/spring-jdbc-5.3.15.jar:/home/guilherme-carlos/.m2/repository/jakarta/transaction/jakarta.transaction-api/1.3.3/jakarta.transaction-api-1.3.3.jar:/home/guilherme-carlos/.m2/repository/jakarta/persistence/jakarta.persistence-api/2.2.3/jakarta.persistence-api-2.2.3.jar:/home/guilherme-carlos/.m2/repository/org/hibernate/hibernate-core/5.4.33/hibernate-core-5.4.33.jar:/home/guilherme-carlos/.m2/repository/org/jboss/logging/jboss-logging/3.4.3.Final/jboss-logging-3.4.3.Final.jar:/home/guilherme-carlos/.m2/repository/org/javassist/javassist/3.27.0-GA/javassist-3.27.0-GA.jar:/home/guilherme-carlos/.m2/repository/net/bytebuddy/byte-buddy/1.10.22/byte-buddy-1.10.22.jar:/home/guilherme-carlos/.m2/repository/antlr/antlr/2.7.7/antlr-2.7.7.jar:/home/guilherme-carlos/.m2/repository/org/jboss/jandex/2.2.3.Final/jandex-2.2.3.Final.jar:/home/guilherme-carlos/.m2/repository/com/fasterxml/classmate/1.5.1/classmate-1.5.1.jar:/home/guilherme-carlos/.m2/repository/org/dom4j/dom4j/2.1.3/dom4j-2.1.3.jar:/home/guilherme-carlos/.m2/repository/org/hibernate/common/hibernate-commons-annotations/5.1.2.Final/hibernate-commons-annotations-5.1.2.Final.jar:/home/guilherme-carlos/.m2/repository/org/glassfish/jaxb/jaxb-runtime/2.3.5/jaxb-runtime-2.3.5.jar:/home/guilherme-carlos/.m2/repository/org/glassfish/jaxb/txw2/2.3.5/txw2-2.3.5.jar:/home/guilherme-carlos/.m2/repository/com/sun/istack/istack-commons-runtime/3.0.12/istack-commons-runtime-3.0.12.jar:/home/guilherme-carlos/.m2/repository/com/sun/activation/jakarta.activation/1.2.2/jakarta.activation-1.2.2.jar:/home/guilherme-carlos/.m2/repository/org/springframework/data/spring-data-jpa/2.5.8/spring-data-jpa-2.5.8.jar:/home/guilherme-carlos/.m2/repository/org/springframework/data/spring-data-commons/2.5.8/spring-data-commons-2.5.8.jar:/home/guilherme-carlos/.m2/repository/org/springframework/spring-orm/5.3.15/spring-orm-5.3.15.jar:/home/guilherme-carlos/.m2/repository/org/springframework/spring-context/5.3.15/spring-context-5.3.15.jar:/home/guilherme-carlos/.m2/repository/org/springframework/spring-tx/5.3.15/spring-tx-5.3.15.jar:/home/guilherme-carlos/.m2/repository/org/slf4j/slf4j-api/1.7.33/slf4j-api-1.7.33.jar:/home/guilherme-carlos/.m2/repository/org/springframework/spring-aspects/5.3.15/spring-aspects-5.3.15.jar:/home/guilherme-carlos/.m2/repository/org/springframework/boot/spring-boot-starter-web/2.5.9-SNAPSHOT/spring-boot-starter-web-2.5.9-SNAPSHOT.jar:/home/guilherme-carlos/.m2/repository/org/springframework/boot/spring-boot-starter-tomcat/2.5.9-SNAPSHOT/spring-boot-starter-tomcat-2.5.9-SNAPSHOT.jar:/home/guilherme-carlos/.m2/repository/org/apache/tomcat/embed/tomcat-embed-core/9.0.56/tomcat-embed-core-9.0.56.jar:/home/guilherme-carlos/.m2/repository/org/apache/tomcat/embed/tomcat-embed-el/9.0.56/tomcat-embed-el-9.0.56.jar:/home/guilherme-carlos/.m2/repository/org/apache/tomcat/embed/tomcat-embed-websocket/9.0.56/tomcat-embed-websocket-9.0.56.jar:/home/guilherme-carlos/.m2/repository/org/springframework/spring-webmvc/5.3.15/spring-webmvc-5.3.15.jar:/home/guilherme-carlos/.m2/repository/org/springframework/spring-expression/5.3.15/spring-expression-5.3.15.jar:/home/guilherme-carlos/.m2/repository/com/okta/spring/okta-spring-boot-starter/2.1.4/okta-spring-boot-starter-2.1.4.jar:/home/guilherme-carlos/.m2/repository/com/okta/spring/okta-spring-security-oauth2/2.1.4/okta-spring-security-oauth2-2.1.4.jar:/home/guilherme-carlos/.m2/repository/javax/validation/validation-api/2.0.1.Final/validation-api-2.0.1.Final.jar:/home/guilherme-carlos/.m2/repository/com/okta/commons/okta-config-check/1.3.0/okta-config-check-1.3.0.jar:/home/guilherme-carlos/.m2/repository/com/okta/commons/okta-commons-lang/1.3.0/okta-commons-lang-1.3.0.jar:/home/guilherme-carlos/.m2/repository/org/springframework/security/spring-security-config/5.5.4/spring-security-config-5.5.4.jar:/home/guilherme-carlos/.m2/repository/org/springframework/security/spring-security-core/5.5.4/spring-security-core-5.5.4.jar:/home/guilherme-carlos/.m2/repository/org/springframework/security/spring-security-crypto/5.5.4/spring-security-crypto-5.5.4.jar:/home/guilherme-carlos/.m2/repository/org/springframework/boot/spring-boot-starter-security/2.5.9-SNAPSHOT/spring-boot-starter-security-2.5.9-SNAPSHOT.jar:/home/guilherme-carlos/.m2/repository/org/springframework/security/spring-security-web/5.5.4/spring-security-web-5.5.4.jar:/home/guilherme-carlos/.m2/repository/org/springframework/security/spring-security-oauth2-client/5.5.4/spring-security-oauth2-client-5.5.4.jar:/home/guilherme-carlos/.m2/repository/org/springframework/security/spring-security-oauth2-core/5.5.4/spring-security-oauth2-core-5.5.4.jar:/home/guilherme-carlos/.m2/repository/com/nimbusds/oauth2-oidc-sdk/9.9.1/oauth2-oidc-sdk-9.9.1.jar:/home/guilherme-carlos/.m2/repository/com/github/stephenc/jcip/jcip-annotations/1.0-1/jcip-annotations-1.0-1.jar:/home/guilherme-carlos/.m2/repository/com/nimbusds/content-type/2.1/content-type-2.1.jar:/home/guilherme-carlos/.m2/repository/com/nimbusds/lang-tag/1.5/lang-tag-1.5.jar:/home/guilherme-carlos/.m2/repository/org/springframework/security/spring-security-oauth2-jose/5.5.4/spring-security-oauth2-jose-5.5.4.jar:/home/guilherme-carlos/.m2/repository/com/nimbusds/nimbus-jose-jwt/9.10.1/nimbus-jose-jwt-9.10.1.jar:/home/guilherme-carlos/.m2/repository/org/springframework/security/spring-security-oauth2-resource-server/5.5.4/spring-security-oauth2-resource-server-5.5.4.jar:/home/guilherme-carlos/.m2/repository/com/okta/spring/okta-spring-sdk/2.1.4/okta-spring-sdk-2.1.4.jar:/home/guilherme-carlos/.m2/repository/org/springframework/boot/spring-boot-starter-test/2.5.9-SNAPSHOT/spring-boot-starter-test-2.5.9-SNAPSHOT.jar:/home/guilherme-carlos/.m2/repository/org/springframework/boot/spring-boot-test/2.5.9-SNAPSHOT/spring-boot-test-2.5.9-SNAPSHOT.jar:/home/guilherme-carlos/.m2/repository/org/springframework/boot/spring-boot-test-autoconfigure/2.5.9-SNAPSHOT/spring-boot-test-autoconfigure-2.5.9-SNAPSHOT.jar:/home/guilherme-carlos/.m2/repository/com/jayway/jsonpath/json-path/2.5.0/json-path-2.5.0.jar:/home/guilherme-carlos/.m2/repository/net/minidev/json-smart/2.4.7/json-smart-2.4.7.jar:/home/guilherme-carlos/.m2/repository/net/minidev/accessors-smart/2.4.7/accessors-smart-2.4.7.jar:/home/guilherme-carlos/.m2/repository/org/ow2/asm/asm/9.1/asm-9.1.jar:/home/guilherme-carlos/.m2/repository/jakarta/xml/bind/jakarta.xml.bind-api/2.3.3/jakarta.xml.bind-api-2.3.3.jar:/home/guilherme-carlos/.m2/repository/jakarta/activation/jakarta.activation-api/1.2.2/jakarta.activation-api-1.2.2.jar:/home/guilherme-carlos/.m2/repository/org/assertj/assertj-core/3.19.0/assertj-core-3.19.0.jar:/home/guilherme-carlos/.m2/repository/org/hamcrest/hamcrest/2.2/hamcrest-2.2.jar:/home/guilherme-carlos/.m2/repository/org/junit/jupiter/junit-jupiter/5.7.2/junit-jupiter-5.7.2.jar:/home/guilherme-carlos/.m2/repository/org/junit/jupiter/junit-jupiter-api/5.7.2/junit-jupiter-api-5.7.2.jar:/home/guilherme-carlos/.m2/repository/org/apiguardian/apiguardian-api/1.1.0/apiguardian-api-1.1.0.jar:/home/guilherme-carlos/.m2/repository/org/opentest4j/opentest4j/1.2.0/opentest4j-1.2.0.jar:/home/guilherme-carlos/.m2/repository/org/junit/platform/junit-platform-commons/1.7.2/junit-platform-commons-1.7.2.jar:/home/guilherme-carlos/.m2/repository/org/junit/jupiter/junit-jupiter-params/5.7.2/junit-jupiter-params-5.7.2.jar:/home/guilherme-carlos/.m2/repository/org/junit/jupiter/junit-jupiter-engine/5.7.2/junit-jupiter-engine-5.7.2.jar:/home/guilherme-carlos/.m2/repository/org/junit/platform/junit-platform-engine/1.7.2/junit-platform-engine-1.7.2.jar:/home/guilherme-carlos/.m2/repository/org/mockito/mockito-core/3.9.0/mockito-core-3.9.0.jar:/home/guilherme-carlos/.m2/repository/net/bytebuddy/byte-buddy-agent/1.10.22/byte-buddy-agent-1.10.22.jar:/home/guilherme-carlos/.m2/repository/org/objenesis/objenesis/3.2/objenesis-3.2.jar:/home/guilherme-carlos/.m2/repository/org/mockito/mockito-junit-jupiter/3.9.0/mockito-junit-jupiter-3.9.0.jar:/home/guilherme-carlos/.m2/repository/org/skyscreamer/jsonassert/1.5.0/jsonassert-1.5.0.jar:/home/guilherme-carlos/.m2/repository/com/vaadin/external/google/android-json/0.0.20131108.vaadin1/android-json-0.0.20131108.vaadin1.jar:/home/guilherme-carlos/.m2/repository/org/springframework/spring-core/5.3.15/spring-core-5.3.15.jar:/home/guilherme-carlos/.m2/repository/org/springframework/spring-jcl/5.3.15/spring-jcl-5.3.15.jar:/home/guilherme-carlos/.m2/repository/org/springframework/spring-test/5.3.15/spring-test-5.3.15.jar:/home/guilherme-carlos/.m2/repository/org/xmlunit/xmlunit-core/2.8.4/xmlunit-core-2.8.4.jar:"/>
    <property name="java.vm.vendor" value="Oracle Corporation"/>
    <property name="sun.arch.data.model" value="64"/>
    <property name="java.vendor.url" value="https://java.oracle.com/"/>
    <property name="user.country.format" value="BR"/>
    <property name="os.name" value="Linux"/>
    <property name="java.vm.specification.version" value="17"/>
    <property name="sun.java.launcher" value="SUN_STANDARD"/>
    <property name="user.country" value="US"/>
    <property name="sun.boot.library.path" value="/home/guilherme-carlos/.jabba/jdk/openjdk@1.17.0/lib"/>
    <property name="sun.java.command" value="/home/guilherme-carlos/Documents/projetojava/solinfbreaker/target/surefire/surefirebooter11510180255942009151.jar /home/guilherme-carlos/Documents/projetojava/solinfbreaker/target/surefire 2022-02-01T08-46-54_635-jvmRun1 surefire2301327245656265241tmp surefire_014089117372550962434tmp"/>
    <property name="jdk.debug" value="release"/>
    <property name="surefire.test.class.path" value="/home/guilherme-carlos/Documents/projetojava/solinfbreaker/target/test-classes:/home/guilherme-carlos/Documents/projetojava/solinfbreaker/target/classes:/home/guilherme-carlos/.m2/repository/org/flywaydb/flyway-core/7.7.3/flyway-core-7.7.3.jar:/home/guilherme-carlos/.m2/repository/org/springframework/boot/spring-boot-starter-webflux/2.5.9-SNAPSHOT/spring-boot-starter-webflux-2.5.9-SNAPSHOT.jar:/home/guilherme-carlos/.m2/repository/org/springframework/boot/spring-boot-starter/2.5.9-SNAPSHOT/spring-boot-starter-2.5.9-SNAPSHOT.jar:/home/guilherme-carlos/.m2/repository/org/springframework/boot/spring-boot/2.5.9-SNAPSHOT/spring-boot-2.5.9-SNAPSHOT.jar:/home/guilherme-carlos/.m2/repository/org/springframework/boot/spring-boot-autoconfigure/2.5.9-SNAPSHOT/spring-boot-autoconfigure-2.5.9-SNAPSHOT.jar:/home/guilherme-carlos/.m2/repository/org/springframework/boot/spring-boot-starter-logging/2.5.9-SNAPSHOT/spring-boot-starter-logging-2.5.9-SNAPSHOT.jar:/home/guilherme-carlos/.m2/repository/ch/qos/logback/logback-classic/1.2.10/logback-classic-1.2.10.jar:/home/guilherme-carlos/.m2/repository/ch/qos/logback/logback-core/1.2.10/logback-core-1.2.10.jar:/home/guilherme-carlos/.m2/repository/org/apache/logging/log4j/log4j-to-slf4j/2.17.1/log4j-to-slf4j-2.17.1.jar:/home/guilherme-carlos/.m2/repository/org/apache/logging/log4j/log4j-api/2.17.1/log4j-api-2.17.1.jar:/home/guilherme-carlos/.m2/repository/org/slf4j/jul-to-slf4j/1.7.33/jul-to-slf4j-1.7.33.jar:/home/guilherme-carlos/.m2/repository/jakarta/annotation/jakarta.annotation-api/1.3.5/jakarta.annotation-api-1.3.5.jar:/home/guilherme-carlos/.m2/repository/org/yaml/snakeyaml/1.28/snakeyaml-1.28.jar:/home/guilherme-carlos/.m2/repository/org/springframework/boot/spring-boot-starter-json/2.5.9-SNAPSHOT/spring-boot-starter-json-2.5.9-SNAPSHOT.jar:/home/guilherme-carlos/.m2/repository/com/fasterxml/jackson/core/jackson-databind/2.12.6/jackson-databind-2.12.6.jar:/home/guilherme-carlos/.m2/repository/com/fasterxml/jackson/core/jackson-annotations/2.12.6/jackson-annotations-2.12.6.jar:/home/guilherme-carlos/.m2/repository/com/fasterxml/jackson/core/jackson-core/2.12.6/jackson-core-2.12.6.jar:/home/guilherme-carlos/.m2/repository/com/fasterxml/jackson/datatype/jackson-datatype-jdk8/2.12.6/jackson-datatype-jdk8-2.12.6.jar:/home/guilherme-carlos/.m2/repository/com/fasterxml/jackson/datatype/jackson-datatype-jsr310/2.12.6/jackson-datatype-jsr310-2.12.6.jar:/home/guilherme-carlos/.m2/repository/com/fasterxml/jackson/module/jackson-module-parameter-names/2.12.6/jackson-module-parameter-names-2.12.6.jar:/home/guilherme-carlos/.m2/repository/org/springframework/boot/spring-boot-starter-reactor-netty/2.5.9-SNAPSHOT/spring-boot-starter-reactor-netty-2.5.9-SNAPSHOT.jar:/home/guilherme-carlos/.m2/repository/io/projectreactor/netty/reactor-netty-http/1.0.15/reactor-netty-http-1.0.15.jar:/home/guilherme-carlos/.m2/repository/io/netty/netty-codec-http/4.1.73.Final/netty-codec-http-4.1.73.Final.jar:/home/guilherme-carlos/.m2/repository/io/netty/netty-common/4.1.73.Final/netty-common-4.1.73.Final.jar:/home/guilherme-carlos/.m2/repository/io/netty/netty-buffer/4.1.73.Final/netty-buffer-4.1.73.Final.jar:/home/guilherme-carlos/.m2/repository/io/netty/netty-transport/4.1.73.Final/netty-transport-4.1.73.Final.jar:/home/guilherme-carlos/.m2/repository/io/netty/netty-codec/4.1.73.Final/netty-codec-4.1.73.Final.jar:/home/guilherme-carlos/.m2/repository/io/netty/netty-handler/4.1.73.Final/netty-handler-4.1.73.Final.jar:/home/guilherme-carlos/.m2/repository/io/netty/netty-tcnative-classes/2.0.46.Final/netty-tcnative-classes-2.0.46.Final.jar:/home/guilherme-carlos/.m2/repository/io/netty/netty-codec-http2/4.1.73.Final/netty-codec-http2-4.1.73.Final.jar:/home/guilherme-carlos/.m2/repository/io/netty/netty-resolver-dns/4.1.73.Final/netty-resolver-dns-4.1.73.Final.jar:/home/guilherme-carlos/.m2/repository/io/netty/netty-resolver/4.1.73.Final/netty-resolver-4.1.73.Final.jar:/home/guilherme-carlos/.m2/repository/io/netty/netty-codec-dns/4.1.73.Final/netty-codec-dns-4.1.73.Final.jar:/home/guilherme-carlos/.m2/repository/io/netty/netty-resolver-dns-native-macos/4.1.73.Final/netty-resolver-dns-native-macos-4.1.73.Final-osx-x86_64.jar:/home/guilherme-carlos/.m2/repository/io/netty/netty-resolver-dns-classes-macos/4.1.73.Final/netty-resolver-dns-classes-macos-4.1.73.Final.jar:/home/guilherme-carlos/.m2/repository/io/netty/netty-transport-native-epoll/4.1.73.Final/netty-transport-native-epoll-4.1.73.Final-linux-x86_64.jar:/home/guilherme-carlos/.m2/repository/io/netty/netty-transport-native-unix-common/4.1.73.Final/netty-transport-native-unix-common-4.1.73.Final.jar:/home/guilherme-carlos/.m2/repository/io/netty/netty-transport-classes-epoll/4.1.73.Final/netty-transport-classes-epoll-4.1.73.Final.jar:/home/guilherme-carlos/.m2/repository/io/projectreactor/netty/reactor-netty-core/1.0.15/reactor-netty-core-1.0.15.jar:/home/guilherme-carlos/.m2/repository/io/netty/netty-handler-proxy/4.1.73.Final/netty-handler-proxy-4.1.73.Final.jar:/home/guilherme-carlos/.m2/repository/io/netty/netty-codec-socks/4.1.73.Final/netty-codec-socks-4.1.73.Final.jar:/home/guilherme-carlos/.m2/repository/org/springframework/spring-web/5.3.15/spring-web-5.3.15.jar:/home/guilherme-carlos/.m2/repository/org/springframework/spring-beans/5.3.15/spring-beans-5.3.15.jar:/home/guilherme-carlos/.m2/repository/org/springframework/spring-webflux/5.3.15/spring-webflux-5.3.15.jar:/home/guilherme-carlos/.m2/repository/io/projectreactor/reactor-core/3.4.14/reactor-core-3.4.14.jar:/home/guilherme-carlos/.m2/repository/org/reactivestreams/reactive-streams/1.0.3/reactive-streams-1.0.3.jar:/home/guilherme-carlos/.m2/repository/org/projectlombok/lombok/1.18.22/lombok-1.18.22.jar:/home/guilherme-carlos/.m2/repository/org/postgresql/postgresql/42.2.24/postgresql-42.2.24.jar:/home/guilherme-carlos/.m2/repository/org/checkerframework/checker-qual/3.5.0/checker-qual-3.5.0.jar:/home/guilherme-carlos/.m2/repository/org/springframework/boot/spring-boot-starter-data-jpa/2.5.9-SNAPSHOT/spring-boot-starter-data-jpa-2.5.9-SNAPSHOT.jar:/home/guilherme-carlos/.m2/repository/org/springframework/boot/spring-boot-starter-aop/2.5.9-SNAPSHOT/spring-boot-starter-aop-2.5.9-SNAPSHOT.jar:/home/guilherme-carlos/.m2/repository/org/springframework/spring-aop/5.3.15/spring-aop-5.3.15.jar:/home/guilherme-carlos/.m2/repository/org/aspectj/aspectjweaver/1.9.7/aspectjweaver-1.9.7.jar:/home/guilherme-carlos/.m2/repository/org/springframework/boot/spring-boot-starter-jdbc/2.5.9-SNAPSHOT/spring-boot-starter-jdbc-2.5.9-SNAPSHOT.jar:/home/guilherme-carlos/.m2/repository/com/zaxxer/HikariCP/4.0.3/HikariCP-4.0.3.jar:/home/guilherme-carlos/.m2/repository/org/springframework/spring-jdbc/5.3.15/spring-jdbc-5.3.15.jar:/home/guilherme-carlos/.m2/repository/jakarta/transaction/jakarta.transaction-api/1.3.3/jakarta.transaction-api-1.3.3.jar:/home/guilherme-carlos/.m2/repository/jakarta/persistence/jakarta.persistence-api/2.2.3/jakarta.persistence-api-2.2.3.jar:/home/guilherme-carlos/.m2/repository/org/hibernate/hibernate-core/5.4.33/hibernate-core-5.4.33.jar:/home/guilherme-carlos/.m2/repository/org/jboss/logging/jboss-logging/3.4.3.Final/jboss-logging-3.4.3.Final.jar:/home/guilherme-carlos/.m2/repository/org/javassist/javassist/3.27.0-GA/javassist-3.27.0-GA.jar:/home/guilherme-carlos/.m2/repository/net/bytebuddy/byte-buddy/1.10.22/byte-buddy-1.10.22.jar:/home/guilherme-carlos/.m2/repository/antlr/antlr/2.7.7/antlr-2.7.7.jar:/home/guilherme-carlos/.m2/repository/org/jboss/jandex/2.2.3.Final/jandex-2.2.3.Final.jar:/home/guilherme-carlos/.m2/repository/com/fasterxml/classmate/1.5.1/classmate-1.5.1.jar:/home/guilherme-carlos/.m2/repository/org/dom4j/dom4j/2.1.3/dom4j-2.1.3.jar:/home/guilherme-carlos/.m2/repository/org/hibernate/common/hibernate-commons-annotations/5.1.2.Final/hibernate-commons-annotations-5.1.2.Final.jar:/home/guilherme-carlos/.m2/repository/org/glassfish/jaxb/jaxb-runtime/2.3.5/jaxb-runtime-2.3.5.jar:/home/guilherme-carlos/.m2/repository/org/glassfish/jaxb/txw2/2.3.5/txw2-2.3.5.jar:/home/guilherme-carlos/.m2/repository/com/sun/istack/istack-commons-runtime/3.0.12/istack-commons-runtime-3.0.12.jar:/home/guilherme-carlos/.m2/repository/com/sun/activation/jakarta.activation/1.2.2/jakarta.activation-1.2.2.jar:/home/guilherme-carlos/.m2/repository/org/springframework/data/spring-data-jpa/2.5.8/spring-data-jpa-2.5.8.jar:/home/guilherme-carlos/.m2/repository/org/springframework/data/spring-data-commons/2.5.8/spring-data-commons-2.5.8.jar:/home/guilherme-carlos/.m2/repository/org/springframework/spring-orm/5.3.15/spring-orm-5.3.15.jar:/home/guilherme-carlos/.m2/repository/org/springframework/spring-context/5.3.15/spring-context-5.3.15.jar:/home/guilherme-carlos/.m2/repository/org/springframework/spring-tx/5.3.15/spring-tx-5.3.15.jar:/home/guilherme-carlos/.m2/repository/org/slf4j/slf4j-api/1.7.33/slf4j-api-1.7.33.jar:/home/guilherme-carlos/.m2/repository/org/springframework/spring-aspects/5.3.15/spring-aspects-5.3.15.jar:/home/guilherme-carlos/.m2/repository/org/springframework/boot/spring-boot-starter-web/2.5.9-SNAPSHOT/spring-boot-starter-web-2.5.9-SNAPSHOT.jar:/home/guilherme-carlos/.m2/repository/org/springframework/boot/spring-boot-starter-tomcat/2.5.9-SNAPSHOT/spring-boot-starter-tomcat-2.5.9-SNAPSHOT.jar:/home/guilherme-carlos/.m2/repository/org/apache/tomcat/embed/tomcat-embed-core/9.0.56/tomcat-embed-core-9.0.56.jar:/home/guilherme-carlos/.m2/repository/org/apache/tomcat/embed/tomcat-embed-el/9.0.56/tomcat-embed-el-9.0.56.jar:/home/guilherme-carlos/.m2/repository/org/apache/tomcat/embed/tomcat-embed-websocket/9.0.56/tomcat-embed-websocket-9.0.56.jar:/home/guilherme-carlos/.m2/repository/org/springframework/spring-webmvc/5.3.15/spring-webmvc-5.3.15.jar:/home/guilherme-carlos/.m2/repository/org/springframework/spring-expression/5.3.15/spring-expression-5.3.15.jar:/home/guilherme-carlos/.m2/repository/com/okta/spring/okta-spring-boot-starter/2.1.4/okta-spring-boot-starter-2.1.4.jar:/home/guilherme-carlos/.m2/repository/com/okta/spring/okta-spring-security-oauth2/2.1.4/okta-spring-security-oauth2-2.1.4.jar:/home/guilherme-carlos/.m2/repository/javax/validation/validation-api/2.0.1.Final/validation-api-2.0.1.Final.jar:/home/guilherme-carlos/.m2/repository/com/okta/commons/okta-config-check/1.3.0/okta-config-check-1.3.0.jar:/home/guilherme-carlos/.m2/repository/com/okta/commons/okta-commons-lang/1.3.0/okta-commons-lang-1.3.0.jar:/home/guilherme-carlos/.m2/repository/org/springframework/security/spring-security-config/5.5.4/spring-security-config-5.5.4.jar:/home/guilherme-carlos/.m2/repository/org/springframework/security/spring-security-core/5.5.4/spring-security-core-5.5.4.jar:/home/guilherme-carlos/.m2/repository/org/springframework/security/spring-security-crypto/5.5.4/spring-security-crypto-5.5.4.jar:/home/guilherme-carlos/.m2/repository/org/springframework/boot/spring-boot-starter-security/2.5.9-SNAPSHOT/spring-boot-starter-security-2.5.9-SNAPSHOT.jar:/home/guilherme-carlos/.m2/repository/org/springframework/security/spring-security-web/5.5.4/spring-security-web-5.5.4.jar:/home/guilherme-carlos/.m2/repository/org/springframework/security/spring-security-oauth2-client/5.5.4/spring-security-oauth2-client-5.5.4.jar:/home/guilherme-carlos/.m2/repository/org/springframework/security/spring-security-oauth2-core/5.5.4/spring-security-oauth2-core-5.5.4.jar:/home/guilherme-carlos/.m2/repository/com/nimbusds/oauth2-oidc-sdk/9.9.1/oauth2-oidc-sdk-9.9.1.jar:/home/guilherme-carlos/.m2/repository/com/github/stephenc/jcip/jcip-annotations/1.0-1/jcip-annotations-1.0-1.jar:/home/guilherme-carlos/.m2/repository/com/nimbusds/content-type/2.1/content-type-2.1.jar:/home/guilherme-carlos/.m2/repository/com/nimbusds/lang-tag/1.5/lang-tag-1.5.jar:/home/guilherme-carlos/.m2/repository/org/springframework/security/spring-security-oauth2-jose/5.5.4/spring-security-oauth2-jose-5.5.4.jar:/home/guilherme-carlos/.m2/repository/com/nimbusds/nimbus-jose-jwt/9.10.1/nimbus-jose-jwt-9.10.1.jar:/home/guilherme-carlos/.m2/repository/org/springframework/security/spring-security-oauth2-resource-server/5.5.4/spring-security-oauth2-resource-server-5.5.4.jar:/home/guilherme-carlos/.m2/repository/com/okta/spring/okta-spring-sdk/2.1.4/okta-spring-sdk-2.1.4.jar:/home/guilherme-carlos/.m2/repository/org/springframework/boot/spring-boot-starter-test/2.5.9-SNAPSHOT/spring-boot-starter-test-2.5.9-SNAPSHOT.jar:/home/guilherme-carlos/.m2/repository/org/springframework/boot/spring-boot-test/2.5.9-SNAPSHOT/spring-boot-test-2.5.9-SNAPSHOT.jar:/home/guilherme-carlos/.m2/repository/org/springframework/boot/spring-boot-test-autoconfigure/2.5.9-SNAPSHOT/spring-boot-test-autoconfigure-2.5.9-SNAPSHOT.jar:/home/guilherme-carlos/.m2/repository/com/jayway/jsonpath/json-path/2.5.0/json-path-2.5.0.jar:/home/guilherme-carlos/.m2/repository/net/minidev/json-smart/2.4.7/json-smart-2.4.7.jar:/home/guilherme-carlos/.m2/repository/net/minidev/accessors-smart/2.4.7/accessors-smart-2.4.7.jar:/home/guilherme-carlos/.m2/repository/org/ow2/asm/asm/9.1/asm-9.1.jar:/home/guilherme-carlos/.m2/repository/jakarta/xml/bind/jakarta.xml.bind-api/2.3.3/jakarta.xml.bind-api-2.3.3.jar:/home/guilherme-carlos/.m2/repository/jakarta/activation/jakarta.activation-api/1.2.2/jakarta.activation-api-1.2.2.jar:/home/guilherme-carlos/.m2/repository/org/assertj/assertj-core/3.19.0/assertj-core-3.19.0.jar:/home/guilherme-carlos/.m2/repository/org/hamcrest/hamcrest/2.2/hamcrest-2.2.jar:/home/guilherme-carlos/.m2/repository/org/junit/jupiter/junit-jupiter/5.7.2/junit-jupiter-5.7.2.jar:/home/guilherme-carlos/.m2/repository/org/junit/jupiter/junit-jupiter-api/5.7.2/junit-jupiter-api-5.7.2.jar:/home/guilherme-carlos/.m2/repository/org/apiguardian/apiguardian-api/1.1.0/apiguardian-api-1.1.0.jar:/home/guilherme-carlos/.m2/repository/org/opentest4j/opentest4j/1.2.0/opentest4j-1.2.0.jar:/home/guilherme-carlos/.m2/repository/org/junit/platform/junit-platform-commons/1.7.2/junit-platform-commons-1.7.2.jar:/home/guilherme-carlos/.m2/repository/org/junit/jupiter/junit-jupiter-params/5.7.2/junit-jupiter-params-5.7.2.jar:/home/guilherme-carlos/.m2/repository/org/junit/jupiter/junit-jupiter-engine/5.7.2/junit-jupiter-engine-5.7.2.jar:/home/guilherme-carlos/.m2/repository/org/junit/platform/junit-platform-engine/1.7.2/junit-platform-engine-1.7.2.jar:/home/guilherme-carlos/.m2/repository/org/mockito/mockito-core/3.9.0/mockito-core-3.9.0.jar:/home/guilherme-carlos/.m2/repository/net/bytebuddy/byte-buddy-agent/1.10.22/byte-buddy-agent-1.10.22.jar:/home/guilherme-carlos/.m2/repository/org/objenesis/objenesis/3.2/objenesis-3.2.jar:/home/guilherme-carlos/.m2/repository/org/mockito/mockito-junit-jupiter/3.9.0/mockito-junit-jupiter-3.9.0.jar:/home/guilherme-carlos/.m2/repository/org/skyscreamer/jsonassert/1.5.0/jsonassert-1.5.0.jar:/home/guilherme-carlos/.m2/repository/com/vaadin/external/google/android-json/0.0.20131108.vaadin1/android-json-0.0.20131108.vaadin1.jar:/home/guilherme-carlos/.m2/repository/org/springframework/spring-core/5.3.15/spring-core-5.3.15.jar:/home/guilherme-carlos/.m2/repository/org/springframework/spring-jcl/5.3.15/spring-jcl-5.3.15.jar:/home/guilherme-carlos/.m2/repository/org/springframework/spring-test/5.3.15/spring-test-5.3.15.jar:/home/guilherme-carlos/.m2/repository/org/xmlunit/xmlunit-core/2.8.4/xmlunit-core-2.8.4.jar:"/>
    <property name="sun.cpu.endian" value="little"/>
    <property name="user.home" value="/home/guilherme-carlos"/>
    <property name="user.language" value="en"/>
    <property name="java.specification.vendor" value="Oracle Corporation"/>
    <property name="java.version.date" value="2021-09-14"/>
    <property name="java.home" value="/home/guilherme-carlos/.jabba/jdk/openjdk@1.17.0"/>
    <property name="file.separator" value="/"/>
    <property name="basedir" value="/home/guilherme-carlos/Documents/projetojava/solinfbreaker"/>
    <property name="java.vm.compressedOopsMode" value="Zero based"/>
    <property name="line.separator" value="&#10;"/>
    <property name="java.specification.name" value="Java Platform API Specification"/>
    <property name="java.vm.specification.vendor" value="Oracle Corporation"/>
    <property name="surefire.real.class.path" value="/home/guilherme-carlos/Documents/projetojava/solinfbreaker/target/surefire/surefirebooter11510180255942009151.jar"/>
    <property name="sun.management.compiler" value="HotSpot 64-Bit Tiered Compilers"/>
    <property name="java.runtime.version" value="17+35-2724"/>
    <property name="user.name" value="guilherme-carlos"/>
    <property name="path.separator" value=":"/>
    <property name="os.version" value="5.13.0-27-generic"/>
    <property name="java.runtime.name" value="OpenJDK Runtime Environment"/>
    <property name="file.encoding" value="UTF-8"/>
    <property name="java.vm.name" value="OpenJDK 64-Bit Server VM"/>
    <property name="localRepository" value="/home/guilherme-carlos/.m2/repository"/>
    <property name="java.vendor.url.bug" value="https://bugreport.java.com/bugreport/"/>
    <property name="java.io.tmpdir" value="/tmp"/>
    <property name="java.version" value="17"/>
    <property name="user.dir" value="/home/guilherme-carlos/Documents/projetojava/solinfbreaker"/>
    <property name="os.arch" value="amd64"/>
    <property name="java.vm.specification.name" value="Java Virtual Machine Specification"/>
    <property name="user.language.format" value="pt"/>
    <property name="native.encoding" value="UTF-8"/>
    <property name="java.library.path" value="/usr/java/packages/lib:/usr/lib64:/lib64:/lib:/usr/lib"/>
    <property name="java.vm.info" value="mixed mode, sharing"/>
    <property name="java.vendor" value="Oracle Corporation"/>
    <property name="java.vm.version" value="17+35-2724"/>
    <property name="sun.io.unicode.encoding" value="UnicodeLittle"/>
    <property name="java.class.version" value="61.0"/>
  </properties>
  <testcase name="contextLoads" classname="com.acoes.solinfbreaker.SolinfbreakerApplicationTests" time="0.108"/>
</testsuite>